<?xml version="1.0" encoding="UTF-8"?>
<testng-results ignored="0" total="4" passed="3" failed="1" skipped="0">
  <reporter-output>
  </reporter-output>
  <suite started-at="2025-01-16T00:24:46 IST" name="CrossBrowserParallelExecutionSuite" finished-at="2025-01-16T00:25:23 IST" duration-ms="37540">
    <groups>
      <group name="regression">
        <method signature="TC001_AccountRegistrationTest.verfiy_account_registration()[pri:0, instance:testCases.TC001_AccountRegistrationTest@246f8b8b]" name="verfiy_account_registration" class="testCases.TC001_AccountRegistrationTest"/>
        <method signature="TC002_AccountRegistrationDiffPasswordTest.validate_incorrect_password_message()[pri:0, instance:testCases.TC002_AccountRegistrationDiffPasswordTest@abf688e]" name="validate_incorrect_password_message" class="testCases.TC002_AccountRegistrationDiffPasswordTest"/>
      </group> <!-- regression -->
      <group name="sanity">
        <method signature="TC005_SearchUserProduct.validate_SearchUserProduct()[pri:0, instance:testCases.TC005_SearchUserProduct@5c42d2b7]" name="validate_SearchUserProduct" class="testCases.TC005_SearchUserProduct"/>
        <method signature="TC003_ValidUserLoginTest.validate_valid_user_credentials()[pri:0, instance:testCases.TC003_ValidUserLoginTest@3dd1dc90]" name="validate_valid_user_credentials" class="testCases.TC003_ValidUserLoginTest"/>
      </group> <!-- sanity -->
      <group name="master">
        <method signature="TC001_AccountRegistrationTest.verfiy_account_registration()[pri:0, instance:testCases.TC001_AccountRegistrationTest@246f8b8b]" name="verfiy_account_registration" class="testCases.TC001_AccountRegistrationTest"/>
        <method signature="TC002_AccountRegistrationDiffPasswordTest.validate_incorrect_password_message()[pri:0, instance:testCases.TC002_AccountRegistrationDiffPasswordTest@abf688e]" name="validate_incorrect_password_message" class="testCases.TC002_AccountRegistrationDiffPasswordTest"/>
        <method signature="TC003_ValidUserLoginTest.validate_valid_user_credentials()[pri:0, instance:testCases.TC003_ValidUserLoginTest@3dd1dc90]" name="validate_valid_user_credentials" class="testCases.TC003_ValidUserLoginTest"/>
      </group> <!-- master -->
    </groups>
    <test started-at="2025-01-16T00:24:46 IST" name="EdgeTest" finished-at="2025-01-16T00:25:19 IST" duration-ms="33130">
      <class name="testCases.TC002_AccountRegistrationDiffPasswordTest">
        <test-method is-config="true" signature="setUp(java.lang.String,java.lang.String)[pri:0, instance:testCases.TC002_AccountRegistrationDiffPasswordTest@abf688e]" started-at="2025-01-16T00:25:05 IST" name="setUp" finished-at="2025-01-16T00:25:11 IST" duration-ms="6474" status="PASS">
          <params>
            <param index="0">
              <value>
                <![CDATA[edge]]>
              </value>
            </param>
            <param index="1">
              <value>
                <![CDATA[windows]]>
              </value>
            </param>
          </params>
          <reporter-output>
          </reporter-output>
        </test-method> <!-- setUp -->
        <test-method signature="validate_incorrect_password_message()[pri:0, instance:testCases.TC002_AccountRegistrationDiffPasswordTest@abf688e]" started-at="2025-01-16T00:25:11 IST" name="validate_incorrect_password_message" finished-at="2025-01-16T00:25:18 IST" duration-ms="7340" status="PASS">
          <reporter-output>
          </reporter-output>
        </test-method> <!-- validate_incorrect_password_message -->
        <test-method is-config="true" signature="tearDown()[pri:0, instance:testCases.TC002_AccountRegistrationDiffPasswordTest@abf688e]" started-at="2025-01-16T00:25:18 IST" name="tearDown" finished-at="2025-01-16T00:25:19 IST" duration-ms="259" status="PASS">
          <reporter-output>
          </reporter-output>
        </test-method> <!-- tearDown -->
      </class> <!-- testCases.TC002_AccountRegistrationDiffPasswordTest -->
      <class name="testCases.TC003_ValidUserLoginTest">
        <test-method is-config="true" signature="setUp(java.lang.String,java.lang.String)[pri:0, instance:testCases.TC003_ValidUserLoginTest@3dd1dc90]" started-at="2025-01-16T00:24:46 IST" name="setUp" finished-at="2025-01-16T00:24:52 IST" duration-ms="6106" status="PASS">
          <params>
            <param index="0">
              <value>
                <![CDATA[edge]]>
              </value>
            </param>
            <param index="1">
              <value>
                <![CDATA[windows]]>
              </value>
            </param>
          </params>
          <reporter-output>
          </reporter-output>
        </test-method> <!-- setUp -->
        <test-method signature="validate_valid_user_credentials()[pri:0, instance:testCases.TC003_ValidUserLoginTest@3dd1dc90]" started-at="2025-01-16T00:24:52 IST" name="validate_valid_user_credentials" finished-at="2025-01-16T00:25:04 IST" duration-ms="12342" status="FAIL">
          <exception class="java.lang.AssertionError">
            <message>
              <![CDATA[null]]>
            </message>
            <full-stacktrace>
              <![CDATA[java.lang.AssertionError: null
at org.testng.Assert.fail(Assert.java:111)
at org.testng.Assert.fail(Assert.java:116)
at testCases.TC003_ValidUserLoginTest.validate_valid_user_credentials(TC003_ValidUserLoginTest.java:56)
at java.base/jdk.internal.reflect.DirectMethodHandleAccessor.invoke(DirectMethodHandleAccessor.java:103)
at java.base/java.lang.reflect.Method.invoke(Method.java:580)
at org.testng.internal.invokers.MethodInvocationHelper.invokeMethod(MethodInvocationHelper.java:139)
at org.testng.internal.invokers.TestInvoker.invokeMethod(TestInvoker.java:664)
at org.testng.internal.invokers.TestInvoker.invokeTestMethod(TestInvoker.java:227)
at org.testng.internal.invokers.MethodRunner.runInSequence(MethodRunner.java:50)
at org.testng.internal.invokers.TestInvoker$MethodInvocationAgent.invoke(TestInvoker.java:957)
at org.testng.internal.invokers.TestInvoker.invokeTestMethods(TestInvoker.java:200)
at org.testng.internal.invokers.TestMethodWorker.invokeTestMethods(TestMethodWorker.java:148)
at org.testng.internal.invokers.TestMethodWorker.run(TestMethodWorker.java:128)
at java.base/java.util.ArrayList.forEach(ArrayList.java:1597)
at org.testng.TestRunner.privateRun(TestRunner.java:848)
at org.testng.TestRunner.run(TestRunner.java:621)
at org.testng.SuiteRunner.runTest(SuiteRunner.java:443)
at org.testng.SuiteRunner$SuiteWorker.run(SuiteRunner.java:481)
at org.testng.internal.thread.ThreadUtil.lambda$execute$0(ThreadUtil.java:58)
at java.base/java.util.concurrent.FutureTask.run(FutureTask.java:317)
at java.base/java.util.concurrent.ThreadPoolExecutor.runWorker(ThreadPoolExecutor.java:1144)
at java.base/java.util.concurrent.ThreadPoolExecutor$Worker.run(ThreadPoolExecutor.java:642)
at java.base/java.lang.Thread.run(Thread.java:1575)
]]>
            </full-stacktrace>
          </exception> <!-- java.lang.AssertionError -->
          <reporter-output>
          </reporter-output>
        </test-method> <!-- validate_valid_user_credentials -->
        <test-method is-config="true" signature="tearDown()[pri:0, instance:testCases.TC003_ValidUserLoginTest@3dd1dc90]" started-at="2025-01-16T00:25:04 IST" name="tearDown" finished-at="2025-01-16T00:25:05 IST" duration-ms="251" status="PASS">
          <reporter-output>
          </reporter-output>
        </test-method> <!-- tearDown -->
      </class> <!-- testCases.TC003_ValidUserLoginTest -->
    </test> <!-- EdgeTest -->
    <test started-at="2025-01-16T00:24:46 IST" name="ChromeTest" finished-at="2025-01-16T00:25:23 IST" duration-ms="37540">
      <class name="testCases.TC005_SearchUserProduct">
        <test-method is-config="true" signature="setUp(java.lang.String,java.lang.String)[pri:0, instance:testCases.TC005_SearchUserProduct@5c42d2b7]" started-at="2025-01-16T00:25:11 IST" name="setUp" finished-at="2025-01-16T00:25:21 IST" duration-ms="10074" status="PASS">
          <params>
            <param index="0">
              <value>
                <![CDATA[chrome]]>
              </value>
            </param>
            <param index="1">
              <value>
                <![CDATA[windows]]>
              </value>
            </param>
          </params>
          <reporter-output>
          </reporter-output>
        </test-method> <!-- setUp -->
        <test-method signature="validate_SearchUserProduct()[pri:0, instance:testCases.TC005_SearchUserProduct@5c42d2b7]" started-at="2025-01-16T00:25:21 IST" name="validate_SearchUserProduct" finished-at="2025-01-16T00:25:23 IST" duration-ms="1888" status="PASS">
          <reporter-output>
          </reporter-output>
        </test-method> <!-- validate_SearchUserProduct -->
        <test-method is-config="true" signature="tearDown()[pri:0, instance:testCases.TC005_SearchUserProduct@5c42d2b7]" started-at="2025-01-16T00:25:23 IST" name="tearDown" finished-at="2025-01-16T00:25:23 IST" duration-ms="176" status="PASS">
          <reporter-output>
          </reporter-output>
        </test-method> <!-- tearDown -->
      </class> <!-- testCases.TC005_SearchUserProduct -->
      <class name="testCases.TC001_AccountRegistrationTest">
        <test-method is-config="true" signature="setUp(java.lang.String,java.lang.String)[pri:0, instance:testCases.TC001_AccountRegistrationTest@246f8b8b]" started-at="2025-01-16T00:24:46 IST" name="setUp" finished-at="2025-01-16T00:25:02 IST" duration-ms="16728" status="PASS">
          <params>
            <param index="0">
              <value>
                <![CDATA[chrome]]>
              </value>
            </param>
            <param index="1">
              <value>
                <![CDATA[windows]]>
              </value>
            </param>
          </params>
          <reporter-output>
          </reporter-output>
        </test-method> <!-- setUp -->
        <test-method signature="verfiy_account_registration()[pri:0, instance:testCases.TC001_AccountRegistrationTest@246f8b8b]" started-at="2025-01-16T00:25:02 IST" name="verfiy_account_registration" finished-at="2025-01-16T00:25:11 IST" duration-ms="8349" status="PASS">
          <reporter-output>
          </reporter-output>
        </test-method> <!-- verfiy_account_registration -->
        <test-method is-config="true" signature="tearDown()[pri:0, instance:testCases.TC001_AccountRegistrationTest@246f8b8b]" started-at="2025-01-16T00:25:11 IST" name="tearDown" finished-at="2025-01-16T00:25:11 IST" duration-ms="146" status="PASS">
          <reporter-output>
          </reporter-output>
        </test-method> <!-- tearDown -->
      </class> <!-- testCases.TC001_AccountRegistrationTest -->
    </test> <!-- ChromeTest -->
  </suite> <!-- CrossBrowserParallelExecutionSuite -->
</testng-results>
