<?xml version="1.0" encoding="UTF-8"?>
<!-- Generated by org.testng.reporters.JUnitXMLReporter -->
<testsuite ignored="0" hostname="Subhadip" failures="3" tests="6" name="MasterTest" time="60.754" errors="0" timestamp="2025-01-03T10:15:22 IST">
  <testcase classname="testCases.TC004_LoginDataDrivenTest" name="validate_login" time="13.593">
    <failure type="java.lang.AssertionError" message="expected [true] but found [false]">
      <![CDATA[java.lang.AssertionError: expected [true] but found [false]
at testCases.TC004_LoginDataDrivenTest.validate_login(TC004_LoginDataDrivenTest.java:68)
at java.base/java.util.ArrayList.forEach(ArrayList.java:1597)
... Removed 29 stack frames]]>
    </failure>
  </testcase> <!-- validate_login -->
  <testcase classname="testCases.TC004_LoginDataDrivenTest" name="validate_login" time="3.963">
    <failure type="java.lang.AssertionError" message="expected [true] but found [false]">
      <![CDATA[java.lang.AssertionError: expected [true] but found [false]
at testCases.TC004_LoginDataDrivenTest.validate_login(TC004_LoginDataDrivenTest.java:83)
at java.base/java.util.ArrayList.forEach(ArrayList.java:1597)
... Removed 29 stack frames]]>
    </failure>
  </testcase> <!-- validate_login -->
  <testcase classname="testCases.TC004_LoginDataDrivenTest" name="validate_login" time="4.009">
    <failure type="java.lang.AssertionError" message="expected [true] but found [false]">
      <![CDATA[java.lang.AssertionError: expected [true] but found [false]
at testCases.TC004_LoginDataDrivenTest.validate_login(TC004_LoginDataDrivenTest.java:83)
at java.base/java.util.ArrayList.forEach(ArrayList.java:1597)
... Removed 29 stack frames]]>
    </failure>
  </testcase> <!-- validate_login -->
  <testcase classname="testCases.TC004_LoginDataDrivenTest" name="validate_login" time="13.519"/>
  <testcase classname="testCases.TC004_LoginDataDrivenTest" name="validate_login" time="5.706"/>
  <testcase classname="testCases.TC004_LoginDataDrivenTest" name="validate_login" time="13.0"/>
</testsuite> <!-- MasterTest -->
